# JRE version: Java(TM) SE Runtime Environment (8.0_101-b13) (build 1.8.0_101-b13)
# Java VM: Java HotSpot(TM) 64-Bit Server VM (25.101-b13 mixed mode windows-amd64 compressed oops)
Heap:
 PSYoungGen      total 411648K, used 250932K [0x00000000d5980000, 0x00000000efc80000, 0x0000000100000000)
  eden space 397312K, 60% used [0x00000000d5980000,0x00000000e4451d20,0x00000000edd80000)
  from space 14336K, 73% used [0x00000000eec00000,0x00000000ef63b458,0x00000000efa00000)
  to   space 14848K, 0% used [0x00000000edd80000,0x00000000edd80000,0x00000000eec00000)
 ParOldGen       total 130048K, used 50097K [0x0000000080c00000, 0x0000000088b00000, 0x00000000d5980000)
  object space 130048K, 38% used [0x0000000080c00000,0x0000000083cec5d8,0x0000000088b00000)
 Metaspace       used 81801K, capacity 85562K, committed 85632K, reserved 1124352K
  class space    used 9713K, capacity 10316K, committed 10368K, reserved 1048576K
GC Heap History (10 events):
Event: 5641.327 GC heap before
{Heap before GC invocations=52 (full 13):
 PSYoungGen      total 397824K, used 3975K [0x00000000d5980000, 0x00000000eee00000, 0x0000000100000000)
  eden space 383488K, 0% used [0x00000000d5980000,0x00000000d5980000,0x00000000ed000000)
  from space 14336K, 27% used [0x00000000ed000000,0x00000000ed3e1fa0,0x00000000ede00000)
  to   space 14848K, 0% used [0x00000000edf80000,0x00000000edf80000,0x00000000eee00000)
 ParOldGen       total 130048K, used 48716K [0x0000000080c00000, 0x0000000088b00000, 0x00000000d5980000)
  object space 130048K, 37% used [0x0000000080c00000,0x0000000083b933d8,0x0000000088b00000)
 Metaspace       used 79897K, capacity 83582K, committed 83712K, reserved 1122304K
  class space    used 9573K, capacity 10163K, committed 10240K, reserved 1048576K
Event: 5641.541 GC heap after
Heap after GC invocations=52 (full 13):
 PSYoungGen      total 397824K, used 0K [0x00000000d5980000, 0x00000000eee00000, 0x0000000100000000)
  eden space 383488K, 0% used [0x00000000d5980000,0x00000000d5980000,0x00000000ed000000)
  from space 14336K, 0% used [0x00000000ed000000,0x00000000ed000000,0x00000000ede00000)
  to   space 14848K, 0% used [0x00000000edf80000,0x00000000edf80000,0x00000000eee00000)
 ParOldGen       total 130048K, used 46310K [0x0000000080c00000, 0x0000000088b00000, 0x00000000d5980000)
  object space 130048K, 35% used [0x0000000080c00000,0x0000000083939b58,0x0000000088b00000)
 Metaspace       used 79879K, capacity 83552K, committed 83712K, reserved 1122304K
  class space    used 9570K, capacity 10157K, committed 10240K, reserved 1048576K
}
Event: 5644.090 GC heap before
{Heap before GC invocations=53 (full 13):
 PSYoungGen      total 397824K, used 383488K [0x00000000d5980000, 0x00000000eee00000, 0x0000000100000000)
  eden space 383488K, 100% used [0x00000000d5980000,0x00000000ed000000,0x00000000ed000000)
  from space 14336K, 0% used [0x00000000ed000000,0x00000000ed000000,0x00000000ede00000)
  to   space 14848K, 0% used [0x00000000edf80000,0x00000000edf80000,0x00000000eee00000)
 ParOldGen       total 130048K, used 46310K [0x0000000080c00000, 0x0000000088b00000, 0x00000000d5980000)
  object space 130048K, 35% used [0x0000000080c00000,0x0000000083939b58,0x0000000088b00000)
 Metaspace       used 80632K, capacity 84374K, committed 84480K, reserved 1124352K
  class space    used 9631K, capacity 10234K, committed 10240K, reserved 1048576K
Event: 5644.101 GC heap after
Heap after GC invocations=53 (full 13):
 PSYoungGen      total 399360K, used 10433K [0x00000000d5980000, 0x00000000efb00000, 0x0000000100000000)
  eden space 384512K, 0% used [0x00000000d5980000,0x00000000d5980000,0x00000000ed100000)
  from space 14848K, 70% used [0x00000000edf80000,0x00000000ee9b0508,0x00000000eee00000)
  to   space 14848K, 0% used [0x00000000ed100000,0x00000000ed100000,0x00000000edf80000)
 ParOldGen       total 130048K, used 46318K [0x0000000080c00000, 0x0000000088b00000, 0x00000000d5980000)
  object space 130048K, 35% used [0x0000000080c00000,0x000000008393bb58,0x0000000088b00000)
 Metaspace       used 80632K, capacity 84374K, committed 84480K, reserved 1124352K
  class space    used 9631K, capacity 10234K, committed 10240K, reserved 1048576K
}
Event: 5881.949 GC heap before
{Heap before GC invocations=54 (full 13):
 PSYoungGen      total 399360K, used 304872K [0x00000000d5980000, 0x00000000efb00000, 0x0000000100000000)
  eden space 384512K, 76% used [0x00000000d5980000,0x00000000e7909cc8,0x00000000ed100000)
  from space 14848K, 70% used [0x00000000edf80000,0x00000000ee9b0508,0x00000000eee00000)
  to   space 14848K, 0% used [0x00000000ed100000,0x00000000ed100000,0x00000000edf80000)
 ParOldGen       total 130048K, used 46318K [0x0000000080c00000, 0x0000000088b00000, 0x00000000d5980000)
  object space 130048K, 35% used [0x0000000080c00000,0x000000008393bb58,0x0000000088b00000)
 Metaspace       used 80892K, capacity 84556K, committed 84864K, reserved 1124352K
  class space    used 9648K, capacity 10244K, committed 10368K, reserved 1048576K
Event: 5881.956 GC heap after
Heap after GC invocations=54 (full 13):
 PSYoungGen      total 399360K, used 7207K [0x00000000d5980000, 0x00000000efa00000, 0x0000000100000000)
  eden space 384512K, 0% used [0x00000000d5980000,0x00000000d5980000,0x00000000ed100000)
  from space 14848K, 48% used [0x00000000ed100000,0x00000000ed809fa0,0x00000000edf80000)
  to   space 14336K, 0% used [0x00000000eec00000,0x00000000eec00000,0x00000000efa00000)
 ParOldGen       total 130048K, used 46326K [0x0000000080c00000, 0x0000000088b00000, 0x00000000d5980000)
  object space 130048K, 35% used [0x0000000080c00000,0x000000008393db58,0x0000000088b00000)
 Metaspace       used 80892K, capacity 84556K, committed 84864K, reserved 1124352K
  class space    used 9648K, capacity 10244K, committed 10368K, reserved 1048576K
}
Event: 5881.957 GC heap before
{Heap before GC invocations=55 (full 14):
 PSYoungGen      total 399360K, used 7207K [0x00000000d5980000, 0x00000000efa00000, 0x0000000100000000)
  eden space 384512K, 0% used [0x00000000d5980000,0x00000000d5980000,0x00000000ed100000)
  from space 14848K, 48% used [0x00000000ed100000,0x00000000ed809fa0,0x00000000edf80000)
  to   space 14336K, 0% used [0x00000000eec00000,0x00000000eec00000,0x00000000efa00000)
 ParOldGen       total 130048K, used 46326K [0x0000000080c00000, 0x0000000088b00000, 0x00000000d5980000)
  object space 130048K, 35% used [0x0000000080c00000,0x000000008393db58,0x0000000088b00000)
 Metaspace       used 80892K, capacity 84556K, committed 84864K, reserved 1124352K
  class space    used 9648K, capacity 10244K, committed 10368K, reserved 1048576K
Event: 5882.219 GC heap after
Heap after GC invocations=55 (full 14):
 PSYoungGen      total 399360K, used 0K [0x00000000d5980000, 0x00000000efa00000, 0x0000000100000000)
  eden space 384512K, 0% used [0x00000000d5980000,0x00000000d5980000,0x00000000ed100000)
  from space 14848K, 0% used [0x00000000ed100000,0x00000000ed100000,0x00000000edf80000)
  to   space 14336K, 0% used [0x00000000eec00000,0x00000000eec00000,0x00000000efa00000)
 ParOldGen       total 130048K, used 50089K [0x0000000080c00000, 0x0000000088b00000, 0x00000000d5980000)
  object space 130048K, 38% used [0x0000000080c00000,0x0000000083cea5d8,0x0000000088b00000)
 Metaspace       used 80875K, capacity 84526K, committed 84864K, reserved 1124352K
  class space    used 9645K, capacity 10238K, committed 10368K, reserved 1048576K
}
Event: 5884.422 GC heap before
{Heap before GC invocations=56 (full 14):
 PSYoungGen      total 399360K, used 384512K [0x00000000d5980000, 0x00000000efa00000, 0x0000000100000000)
  eden space 384512K, 100% used [0x00000000d5980000,0x00000000ed100000,0x00000000ed100000)
  from space 14848K, 0% used [0x00000000ed100000,0x00000000ed100000,0x00000000edf80000)
  to   space 14336K, 0% used [0x00000000eec00000,0x00000000eec00000,0x00000000efa00000)
 ParOldGen       total 130048K, used 50089K [0x0000000080c00000, 0x0000000088b00000, 0x00000000d5980000)
  object space 130048K, 38% used [0x0000000080c00000,0x0000000083cea5d8,0x0000000088b00000)
 Metaspace       used 81659K, capacity 85364K, committed 85632K, reserved 1124352K
  class space    used 9706K, capacity 10315K, committed 10368K, reserved 1048576K
Event: 5884.432 GC heap after
Heap after GC invocations=56 (full 14):
 PSYoungGen      total 411648K, used 10477K [0x00000000d5980000, 0x00000000efc80000, 0x0000000100000000)
  eden space 397312K, 0% used [0x00000000d5980000,0x00000000d5980000,0x00000000edd80000)
  from space 14336K, 73% used [0x00000000eec00000,0x00000000ef63b458,0x00000000efa00000)
  to   space 14848K, 0% used [0x00000000edd80000,0x00000000edd80000,0x00000000eec00000)
 ParOldGen       total 130048K, used 50097K [0x0000000080c00000, 0x0000000088b00000, 0x00000000d5980000)
  object space 130048K, 38% used [0x0000000080c00000,0x0000000083cec5d8,0x0000000088b00000)
 Metaspace       used 81659K, capacity 85364K, committed 85632K, reserved 1124352K
  class space    used 9706K, capacity 10315K, committed 10368K, reserved 1048576K
}

