# JRE version: Java(TM) SE Runtime Environment (8.0_101-b13) (build 1.8.0_101-b13)
# Java VM: Java HotSpot(TM) 64-Bit Server VM (25.101-b13 mixed mode windows-amd64 compressed oops)
Heap:
 PSYoungGen      total 97280K, used 87933K [0x00000000d5980000, 0x00000000dd800000, 0x0000000100000000)
  eden space 88576K, 89% used [0x00000000d5980000,0x00000000da6e32f0,0x00000000db000000)
  from space 8704K, 99% used [0x00000000db000000,0x00000000db87c3e8,0x00000000db880000)
  to   space 10240K, 0% used [0x00000000dce00000,0x00000000dce00000,0x00000000dd800000)
 ParOldGen       total 100864K, used 19154K [0x0000000080c00000, 0x0000000086e80000, 0x00000000d5980000)
  object space 100864K, 18% used [0x0000000080c00000,0x0000000081eb49f0,0x0000000086e80000)
 Metaspace       used 49683K, capacity 51374K, committed 51712K, reserved 1093632K
  class space    used 6495K, capacity 6827K, committed 6912K, reserved 1048576K
GC Heap History (10 events):
Event: 8.844 GC heap before
{Heap before GC invocations=11 (full 1):
 PSYoungGen      total 56832K, used 55934K [0x00000000d5980000, 0x00000000dab80000, 0x0000000100000000)
  eden space 48640K, 100% used [0x00000000d5980000,0x00000000d8900000,0x00000000d8900000)
  from space 8192K, 89% used [0x00000000d8900000,0x00000000d901faa0,0x00000000d9100000)
  to   space 8704K, 0% used [0x00000000da300000,0x00000000da300000,0x00000000dab80000)
 ParOldGen       total 57856K, used 6125K [0x0000000080c00000, 0x0000000084480000, 0x00000000d5980000)
  object space 57856K, 10% used [0x0000000080c00000,0x00000000811fb690,0x0000000084480000)
 Metaspace       used 27555K, capacity 28556K, committed 28672K, reserved 1075200K
  class space    used 3573K, capacity 3802K, committed 3840K, reserved 1048576K
Event: 8.853 GC heap after
Heap after GC invocations=11 (full 1):
 PSYoungGen      total 74240K, used 5937K [0x00000000d5980000, 0x00000000daa80000, 0x0000000100000000)
  eden space 66560K, 0% used [0x00000000d5980000,0x00000000d5980000,0x00000000d9a80000)
  from space 7680K, 77% used [0x00000000da300000,0x00000000da8cc480,0x00000000daa80000)
  to   space 8192K, 0% used [0x00000000d9a80000,0x00000000d9a80000,0x00000000da280000)
 ParOldGen       total 57856K, used 11183K [0x0000000080c00000, 0x0000000084480000, 0x00000000d5980000)
  object space 57856K, 19% used [0x0000000080c00000,0x00000000816ebe88,0x0000000084480000)
 Metaspace       used 27555K, capacity 28556K, committed 28672K, reserved 1075200K
  class space    used 3573K, capacity 3802K, committed 3840K, reserved 1048576K
}
Event: 10.177 GC heap before
{Heap before GC invocations=12 (full 1):
 PSYoungGen      total 74240K, used 72497K [0x00000000d5980000, 0x00000000daa80000, 0x0000000100000000)
  eden space 66560K, 100% used [0x00000000d5980000,0x00000000d9a80000,0x00000000d9a80000)
  from space 7680K, 77% used [0x00000000da300000,0x00000000da8cc480,0x00000000daa80000)
  to   space 8192K, 0% used [0x00000000d9a80000,0x00000000d9a80000,0x00000000da280000)
 ParOldGen       total 57856K, used 11183K [0x0000000080c00000, 0x0000000084480000, 0x00000000d5980000)
  object space 57856K, 19% used [0x0000000080c00000,0x00000000816ebe88,0x0000000084480000)
 Metaspace       used 31447K, capacity 32556K, committed 32768K, reserved 1077248K
  class space    used 4042K, capacity 4278K, committed 4352K, reserved 1048576K
Event: 10.184 GC heap after
Heap after GC invocations=12 (full 1):
 PSYoungGen      total 74752K, used 6471K [0x00000000d5980000, 0x00000000dc080000, 0x0000000100000000)
  eden space 66560K, 0% used [0x00000000d5980000,0x00000000d5980000,0x00000000d9a80000)
  from space 8192K, 78% used [0x00000000d9a80000,0x00000000da0d1de8,0x00000000da280000)
  to   space 8192K, 0% used [0x00000000db880000,0x00000000db880000,0x00000000dc080000)
 ParOldGen       total 57856K, used 12900K [0x0000000080c00000, 0x0000000084480000, 0x00000000d5980000)
  object space 57856K, 22% used [0x0000000080c00000,0x0000000081899318,0x0000000084480000)
 Metaspace       used 31447K, capacity 32556K, committed 32768K, reserved 1077248K
  class space    used 4042K, capacity 4278K, committed 4352K, reserved 1048576K
}
Event: 10.763 GC heap before
{Heap before GC invocations=13 (full 1):
 PSYoungGen      total 74752K, used 36161K [0x00000000d5980000, 0x00000000dc080000, 0x0000000100000000)
  eden space 66560K, 44% used [0x00000000d5980000,0x00000000d767e6d8,0x00000000d9a80000)
  from space 8192K, 78% used [0x00000000d9a80000,0x00000000da0d1de8,0x00000000da280000)
  to   space 8192K, 0% used [0x00000000db880000,0x00000000db880000,0x00000000dc080000)
 ParOldGen       total 57856K, used 12900K [0x0000000080c00000, 0x0000000084480000, 0x00000000d5980000)
  object space 57856K, 22% used [0x0000000080c00000,0x0000000081899318,0x0000000084480000)
 Metaspace       used 34125K, capacity 35276K, committed 35416K, reserved 1081344K
  class space    used 4320K, capacity 4570K, committed 4608K, reserved 1048576K
Event: 10.769 GC heap after
Heap after GC invocations=13 (full 1):
 PSYoungGen      total 96768K, used 2584K [0x00000000d5980000, 0x00000000dc180000, 0x0000000100000000)
  eden space 88576K, 0% used [0x00000000d5980000,0x00000000d5980000,0x00000000db000000)
  from space 8192K, 31% used [0x00000000db880000,0x00000000dbb06288,0x00000000dc080000)
  to   space 8704K, 0% used [0x00000000db000000,0x00000000db000000,0x00000000db880000)
 ParOldGen       total 57856K, used 17019K [0x0000000080c00000, 0x0000000084480000, 0x00000000d5980000)
  object space 57856K, 29% used [0x0000000080c00000,0x0000000081c9eec0,0x0000000084480000)
 Metaspace       used 34125K, capacity 35276K, committed 35416K, reserved 1081344K
  class space    used 4320K, capacity 4570K, committed 4608K, reserved 1048576K
}
Event: 10.769 GC heap before
{Heap before GC invocations=14 (full 2):
 PSYoungGen      total 96768K, used 2584K [0x00000000d5980000, 0x00000000dc180000, 0x0000000100000000)
  eden space 88576K, 0% used [0x00000000d5980000,0x00000000d5980000,0x00000000db000000)
  from space 8192K, 31% used [0x00000000db880000,0x00000000dbb06288,0x00000000dc080000)
  to   space 8704K, 0% used [0x00000000db000000,0x00000000db000000,0x00000000db880000)
 ParOldGen       total 57856K, used 17019K [0x0000000080c00000, 0x0000000084480000, 0x00000000d5980000)
  object space 57856K, 29% used [0x0000000080c00000,0x0000000081c9eec0,0x0000000084480000)
 Metaspace       used 34125K, capacity 35276K, committed 35416K, reserved 1081344K
  class space    used 4320K, capacity 4570K, committed 4608K, reserved 1048576K
Event: 10.874 GC heap after
Heap after GC invocations=14 (full 2):
 PSYoungGen      total 96768K, used 0K [0x00000000d5980000, 0x00000000dc180000, 0x0000000100000000)
  eden space 88576K, 0% used [0x00000000d5980000,0x00000000d5980000,0x00000000db000000)
  from space 8192K, 0% used [0x00000000db880000,0x00000000db880000,0x00000000dc080000)
  to   space 8704K, 0% used [0x00000000db000000,0x00000000db000000,0x00000000db880000)
 ParOldGen       total 100864K, used 17684K [0x0000000080c00000, 0x0000000086e80000, 0x00000000d5980000)
  object space 100864K, 17% used [0x0000000080c00000,0x0000000081d453f0,0x0000000086e80000)
 Metaspace       used 34125K, capacity 35276K, committed 35416K, reserved 1081344K
  class space    used 4320K, capacity 4570K, committed 4608K, reserved 1048576K
}
Event: 12.582 GC heap before
{Heap before GC invocations=15 (full 2):
 PSYoungGen      total 96768K, used 88576K [0x00000000d5980000, 0x00000000dc180000, 0x0000000100000000)
  eden space 88576K, 100% used [0x00000000d5980000,0x00000000db000000,0x00000000db000000)
  from space 8192K, 0% used [0x00000000db880000,0x00000000db880000,0x00000000dc080000)
  to   space 8704K, 0% used [0x00000000db000000,0x00000000db000000,0x00000000db880000)
 ParOldGen       total 100864K, used 17684K [0x0000000080c00000, 0x0000000086e80000, 0x00000000d5980000)
  object space 100864K, 17% used [0x0000000080c00000,0x0000000081d453f0,0x0000000086e80000)
 Metaspace       used 43159K, capacity 44440K, committed 44928K, reserved 1087488K
  class space    used 5657K, capacity 5920K, committed 6016K, reserved 1048576K
Event: 12.591 GC heap after
Heap after GC invocations=15 (full 2):
 PSYoungGen      total 97280K, used 8688K [0x00000000d5980000, 0x00000000dd800000, 0x0000000100000000)
  eden space 88576K, 0% used [0x00000000d5980000,0x00000000d5980000,0x00000000db000000)
  from space 8704K, 99% used [0x00000000db000000,0x00000000db87c3e8,0x00000000db880000)
  to   space 10240K, 0% used [0x00000000dce00000,0x00000000dce00000,0x00000000dd800000)
 ParOldGen       total 100864K, used 19154K [0x0000000080c00000, 0x0000000086e80000, 0x00000000d5980000)
  object space 100864K, 18% used [0x0000000080c00000,0x0000000081eb49f0,0x0000000086e80000)
 Metaspace       used 43159K, capacity 44440K, committed 44928K, reserved 1087488K
  class space    used 5657K, capacity 5920K, committed 6016K, reserved 1048576K
}

